Name                                                               Stmts   Miss  Cover
--------------------------------------------------------------------------------------
venv/lib/python3.10/site-packages/yessql/__init__.py                  10      0   100%
venv/lib/python3.10/site-packages/yessql/__main__.py                   0      0   100%
venv/lib/python3.10/site-packages/yessql/aiomysql.py                  42      4    90%
venv/lib/python3.10/site-packages/yessql/aiopostgres/__init__.py       0      0   100%
venv/lib/python3.10/site-packages/yessql/aiopostgres/client.py        51      7    86%
venv/lib/python3.10/site-packages/yessql/aiopostgres/params.py         7      0   100%
venv/lib/python3.10/site-packages/yessql/config.py                    15      0   100%
venv/lib/python3.10/site-packages/yessql/logger.py                     2      0   100%
venv/lib/python3.10/site-packages/yessql/postgres.py                  44      5    89%
venv/lib/python3.10/site-packages/yessql/utils.py                     10      3    70%
--------------------------------------------------------------------------------------
TOTAL                                                                181     19    90%
